<?xml version="1.0" encoding="UTF-8"?>
<coverage generated="1692956128220" clover="3.2.0">
  <project timestamp="1692956128220" name="All files">
    <metrics statements="34" coveredstatements="22" conditionals="1" coveredconditionals="0" methods="17" coveredmethods="6" elements="52" coveredelements="28" complexity="0" loc="34" ncloc="34" packages="5" files="5" classes="5"/>
    <package name="Commons.Exceptions">
      <metrics statements="4" coveredstatements="2" conditionals="1" coveredconditionals="0" methods="1" coveredmethods="0"/>
      <file name="InvariantError.ts" path="D:\project\SID\app\be_baru\src\Commons\Exceptions\InvariantError.ts">
        <metrics statements="4" coveredstatements="2" conditionals="1" coveredconditionals="0" methods="1" coveredmethods="0"/>
        <line num="1" count="1" type="stmt"/>
        <line num="5" count="0" type="stmt"/>
        <line num="6" count="0" type="stmt"/>
        <line num="10" count="1" type="stmt"/>
      </file>
    </package>
    <package name="Domains.Entities.Users">
      <metrics statements="3" coveredstatements="3" conditionals="0" coveredconditionals="0" methods="1" coveredmethods="1"/>
      <file name="RegisterUser.ts" path="D:\project\SID\app\be_baru\src\Domains\Entities\Users\RegisterUser.ts">
        <metrics statements="3" coveredstatements="3" conditionals="0" coveredconditionals="0" methods="1" coveredmethods="1"/>
        <line num="2" count="1" type="stmt"/>
        <line num="8" count="1" type="stmt"/>
        <line num="12" count="1" type="stmt"/>
      </file>
    </package>
    <package name="Domains.Entities.Users.Interface">
      <metrics statements="19" coveredstatements="9" conditionals="0" coveredconditionals="0" methods="11" coveredmethods="1"/>
      <file name="AbstractUser.ts" path="D:\project\SID\app\be_baru\src\Domains\Entities\Users\Interface\AbstractUser.ts">
        <metrics statements="19" coveredstatements="9" conditionals="0" coveredconditionals="0" methods="11" coveredmethods="1"/>
        <line num="2" count="1" type="stmt"/>
        <line num="3" count="1" type="stmt"/>
        <line num="14" count="1" type="stmt"/>
        <line num="15" count="1" type="stmt"/>
        <line num="16" count="1" type="stmt"/>
        <line num="17" count="1" type="stmt"/>
        <line num="18" count="1" type="stmt"/>
        <line num="19" count="1" type="stmt"/>
        <line num="31" count="0" type="stmt"/>
        <line num="35" count="0" type="stmt"/>
        <line num="39" count="0" type="stmt"/>
        <line num="43" count="0" type="stmt"/>
        <line num="47" count="0" type="stmt"/>
        <line num="51" count="0" type="stmt"/>
        <line num="55" count="0" type="stmt"/>
        <line num="59" count="0" type="stmt"/>
        <line num="63" count="0" type="stmt"/>
        <line num="67" count="0" type="stmt"/>
        <line num="74" count="1" type="stmt"/>
      </file>
    </package>
    <package name="Domains.Entities.Users.schema">
      <metrics statements="3" coveredstatements="3" conditionals="0" coveredconditionals="0" methods="0" coveredmethods="0"/>
      <file name="UserSchema.ts" path="D:\project\SID\app\be_baru\src\Domains\Entities\Users\schema\UserSchema.ts">
        <metrics statements="3" coveredstatements="3" conditionals="0" coveredconditionals="0" methods="0" coveredmethods="0"/>
        <line num="1" count="1" type="stmt"/>
        <line num="3" count="1" type="stmt"/>
        <line num="11" count="1" type="stmt"/>
      </file>
    </package>
    <package name="Domains.Repository">
      <metrics statements="5" coveredstatements="5" conditionals="0" coveredconditionals="0" methods="4" coveredmethods="4"/>
      <file name="UserRepositoryAbstract.ts" path="D:\project\SID\app\be_baru\src\Domains\Repository\UserRepositoryAbstract.ts">
        <metrics statements="5" coveredstatements="5" conditionals="0" coveredconditionals="0" methods="4" coveredmethods="4"/>
        <line num="9" count="1" type="stmt"/>
        <line num="12" count="1" type="stmt"/>
        <line num="15" count="1" type="stmt"/>
        <line num="18" count="1" type="stmt"/>
        <line num="22" count="1" type="stmt"/>
      </file>
    </package>
  </project>
</coverage>
