{"D:\\project\\SID\\app\\be_baru\\src\\Applications\\Security\\TokenGeneratorAbstract.ts": {"path":"D:\\project\\SID\\app\\be_baru\\src\\Applications\\Security\\TokenGeneratorAbstract.ts","statementMap":{"0":{"start":{"line":13,"column":0},"end":{"line":13,"column":38}}},"fnMap":{},"branchMap":{},"s":{"0":6},"f":{},"b":{}}
,"D:\\project\\SID\\app\\be_baru\\src\\Applications\\Usecase\\LoginUsecase.ts": {"path":"D:\\project\\SID\\app\\be_baru\\src\\Applications\\Usecase\\LoginUsecase.ts","statementMap":{"0":{"start":{"line":10,"column":8},"end":{"line":10,"column":45}},"1":{"start":{"line":11,"column":8},"end":{"line":11,"column":45}},"2":{"start":{"line":15,"column":37},"end":{"line":15,"column":44}},"3":{"start":{"line":16,"column":8},"end":{"line":16,"column":64}},"4":{"start":{"line":17,"column":26},"end":{"line":17,"column":85}},"5":{"start":{"line":18,"column":8},"end":{"line":18,"column":33}},"6":{"start":{"line":19,"column":8},"end":{"line":19,"column":62}},"7":{"start":{"line":20,"column":21},"end":{"line":20,"column":74}},"8":{"start":{"line":21,"column":22},"end":{"line":25,"column":56}},"9":{"start":{"line":26,"column":29},"end":{"line":30,"column":75}},"10":{"start":{"line":31,"column":8},"end":{"line":31,"column":77}},"11":{"start":{"line":35,"column":12},"end":{"line":42,"column":null}},"12":{"start":{"line":43,"column":8},"end":{"line":43,"column":28}},"13":{"start":{"line":47,"column":0},"end":{"line":47,"column":28}}},"fnMap":{"0":{"name":"(anonymous_7)","decl":{"start":{"line":9,"column":4},"end":{"line":9,"column":16}},"loc":{"start":{"line":9,"column":130},"end":{"line":12,"column":5}}},"1":{"name":"(anonymous_8)","decl":{"start":{"line":14,"column":10},"end":{"line":14,"column":17}},"loc":{"start":{"line":14,"column":63},"end":{"line":44,"column":null}}}},"branchMap":{"0":{"loc":{"start":{"line":25,"column":11},"end":{"line":25,"column":55}},"type":"binary-expr","locations":[{"start":{"line":25,"column":11},"end":{"line":25,"column":36}},{"start":{"line":25,"column":40},"end":{"line":25,"column":55}}]},"1":{"loc":{"start":{"line":30,"column":14},"end":{"line":30,"column":74}},"type":"binary-expr","locations":[{"start":{"line":30,"column":14},"end":{"line":30,"column":47}},{"start":{"line":30,"column":51},"end":{"line":30,"column":74}}]}},"s":{"0":2,"1":2,"2":3,"3":3,"4":3,"5":3,"6":3,"7":2,"8":2,"9":2,"10":2,"11":2,"12":2,"13":3},"f":{"0":2,"1":3},"b":{"0":[2,1],"1":[2,1]}}
,"D:\\project\\SID\\app\\be_baru\\src\\Applications\\Usecase\\UpdateAccessToken.ts": {"path":"D:\\project\\SID\\app\\be_baru\\src\\Applications\\Usecase\\UpdateAccessToken.ts","statementMap":{"0":{"start":{"line":17,"column":8},"end":{"line":17,"column":45}},"1":{"start":{"line":18,"column":8},"end":{"line":18,"column":47}},"2":{"start":{"line":22,"column":37},"end":{"line":22,"column":100}},"3":{"start":{"line":23,"column":8},"end":{"line":23,"column":128}},"4":{"start":{"line":24,"column":31},"end":{"line":24,"column":122}},"5":{"start":{"line":25,"column":8},"end":{"line":25,"column":30}},"6":{"start":{"line":29,"column":0},"end":{"line":29,"column":null}}},"fnMap":{"0":{"name":"(anonymous_7)","decl":{"start":{"line":16,"column":4},"end":{"line":16,"column":16}},"loc":{"start":{"line":16,"column":133},"end":{"line":19,"column":5}}},"1":{"name":"(anonymous_8)","decl":{"start":{"line":21,"column":10},"end":{"line":21,"column":17}},"loc":{"start":{"line":21,"column":38},"end":{"line":26,"column":null}}}},"branchMap":{"0":{"loc":{"start":{"line":23,"column":68},"end":{"line":23,"column":126}},"type":"binary-expr","locations":[{"start":{"line":23,"column":68},"end":{"line":23,"column":100}},{"start":{"line":23,"column":104},"end":{"line":23,"column":126}}]},"1":{"loc":{"start":{"line":24,"column":74},"end":{"line":24,"column":118}},"type":"binary-expr","locations":[{"start":{"line":24,"column":74},"end":{"line":24,"column":99}},{"start":{"line":24,"column":103},"end":{"line":24,"column":118}}]}},"s":{"0":2,"1":2,"2":2,"3":1,"4":1,"5":1,"6":3},"f":{"0":2,"1":2},"b":{"0":[1,1],"1":[1,1]}}
,"D:\\project\\SID\\app\\be_baru\\src\\Commons\\Exceptions\\ForbiddenError.ts": {"path":"D:\\project\\SID\\app\\be_baru\\src\\Commons\\Exceptions\\ForbiddenError.ts","statementMap":{"0":{"start":{"line":1,"column":0},"end":{"line":1,"column":40}},"1":{"start":{"line":5,"column":8},"end":{"line":5,"column":28}},"2":{"start":{"line":9,"column":0},"end":{"line":9,"column":30}}},"fnMap":{"0":{"name":"(anonymous_1)","decl":{"start":{"line":4,"column":4},"end":{"line":4,"column":16}},"loc":{"start":{"line":4,"column":31},"end":{"line":6,"column":5}}}},"branchMap":{},"s":{"0":4,"1":2,"2":4},"f":{"0":2},"b":{}}
,"D:\\project\\SID\\app\\be_baru\\src\\Commons\\Exceptions\\InvariantError.ts": {"path":"D:\\project\\SID\\app\\be_baru\\src\\Commons\\Exceptions\\InvariantError.ts","statementMap":{"0":{"start":{"line":1,"column":0},"end":{"line":1,"column":40}},"1":{"start":{"line":5,"column":8},"end":{"line":5,"column":35}},"2":{"start":{"line":6,"column":8},"end":{"line":6,"column":37}},"3":{"start":{"line":10,"column":0},"end":{"line":10,"column":30}}},"fnMap":{"0":{"name":"(anonymous_1)","decl":{"start":{"line":4,"column":4},"end":{"line":4,"column":16}},"loc":{"start":{"line":4,"column":57},"end":{"line":7,"column":5}}}},"branchMap":{"0":{"loc":{"start":{"line":4,"column":33},"end":{"line":4,"column":57}},"type":"default-arg","locations":[{"start":{"line":4,"column":54},"end":{"line":4,"column":57}}]}},"s":{"0":11,"1":6,"2":6,"3":11},"f":{"0":6},"b":{"0":[4]}}
,"D:\\project\\SID\\app\\be_baru\\src\\Commons\\Exceptions\\NotFoundError.ts": {"path":"D:\\project\\SID\\app\\be_baru\\src\\Commons\\Exceptions\\NotFoundError.ts","statementMap":{"0":{"start":{"line":1,"column":0},"end":{"line":1,"column":40}},"1":{"start":{"line":5,"column":8},"end":{"line":5,"column":28}},"2":{"start":{"line":9,"column":0},"end":{"line":9,"column":29}}},"fnMap":{"0":{"name":"(anonymous_1)","decl":{"start":{"line":4,"column":4},"end":{"line":4,"column":16}},"loc":{"start":{"line":4,"column":31},"end":{"line":6,"column":5}}}},"branchMap":{},"s":{"0":6,"1":5,"2":6},"f":{"0":5},"b":{}}
,"D:\\project\\SID\\app\\be_baru\\src\\Commons\\Exceptions\\UnauthorizeError.ts": {"path":"D:\\project\\SID\\app\\be_baru\\src\\Commons\\Exceptions\\UnauthorizeError.ts","statementMap":{"0":{"start":{"line":1,"column":0},"end":{"line":1,"column":40}},"1":{"start":{"line":5,"column":8},"end":{"line":5,"column":28}},"2":{"start":{"line":9,"column":0},"end":{"line":9,"column":null}}},"fnMap":{"0":{"name":"(anonymous_1)","decl":{"start":{"line":4,"column":4},"end":{"line":4,"column":16}},"loc":{"start":{"line":4,"column":31},"end":{"line":6,"column":5}}}},"branchMap":{},"s":{"0":5,"1":4,"2":5},"f":{"0":4},"b":{}}
,"D:\\project\\SID\\app\\be_baru\\src\\Commons\\Helpers\\Utilities.ts": {"path":"D:\\project\\SID\\app\\be_baru\\src\\Commons\\Helpers\\Utilities.ts","statementMap":{"0":{"start":{"line":1,"column":0},"end":{"line":1,"column":31}},"1":{"start":{"line":3,"column":18},"end":{"line":10,"column":null}},"2":{"start":{"line":5,"column":8},"end":{"line":7,"column":11}},"3":{"start":{"line":12,"column":0},"end":{"line":12,"column":25}}},"fnMap":{"0":{"name":"(anonymous_1)","decl":{"start":{"line":4,"column":4},"end":{"line":4,"column":15}},"loc":{"start":{"line":4,"column":74},"end":{"line":8,"column":5}}}},"branchMap":{},"s":{"0":1,"1":1,"2":2,"3":1},"f":{"0":2},"b":{}}
,"D:\\project\\SID\\app\\be_baru\\src\\Domains\\Entities\\Users\\RegisterUser.ts": {"path":"D:\\project\\SID\\app\\be_baru\\src\\Domains\\Entities\\Users\\RegisterUser.ts","statementMap":{"0":{"start":{"line":2,"column":0},"end":{"line":2,"column":44}},"1":{"start":{"line":8,"column":8},"end":{"line":8,"column":53}},"2":{"start":{"line":12,"column":0},"end":{"line":12,"column":28}}},"fnMap":{"0":{"name":"(anonymous_1)","decl":{"start":{"line":7,"column":4},"end":{"line":7,"column":16}},"loc":{"start":{"line":7,"column":60},"end":{"line":9,"column":5}}}},"branchMap":{},"s":{"0":7,"1":26,"2":7},"f":{"0":26},"b":{}}
,"D:\\project\\SID\\app\\be_baru\\src\\Domains\\Entities\\Users\\RegisteredUser.ts": {"path":"D:\\project\\SID\\app\\be_baru\\src\\Domains\\Entities\\Users\\RegisteredUser.ts","statementMap":{"0":{"start":{"line":3,"column":0},"end":{"line":3,"column":65}},"1":{"start":{"line":4,"column":0},"end":{"line":4,"column":72}},"2":{"start":{"line":17,"column":8},"end":{"line":17,"column":22}},"3":{"start":{"line":18,"column":8},"end":{"line":18,"column":34}},"4":{"start":{"line":19,"column":8},"end":{"line":19,"column":26}},"5":{"start":{"line":23,"column":8},"end":{"line":23,"column":24}},"6":{"start":{"line":27,"column":8},"end":{"line":27,"column":25}},"7":{"start":{"line":31,"column":8},"end":{"line":31,"column":30}},"8":{"start":{"line":35,"column":8},"end":{"line":35,"column":37}},"9":{"start":{"line":39,"column":8},"end":{"line":39,"column":26}},"10":{"start":{"line":43,"column":8},"end":{"line":43,"column":29}},"11":{"start":{"line":55,"column":0},"end":{"line":55,"column":30}}},"fnMap":{"0":{"name":"(anonymous_1)","decl":{"start":{"line":16,"column":4},"end":{"line":16,"column":16}},"loc":{"start":{"line":16,"column":56},"end":{"line":20,"column":5}}},"1":{"name":"(anonymous_2)","decl":{"start":{"line":22,"column":4},"end":{"line":22,"column":8}},"loc":{"start":{"line":22,"column":10},"end":{"line":24,"column":5}}},"2":{"name":"(anonymous_3)","decl":{"start":{"line":26,"column":4},"end":{"line":26,"column":8}},"loc":{"start":{"line":26,"column":24},"end":{"line":28,"column":5}}},"3":{"name":"(anonymous_4)","decl":{"start":{"line":30,"column":4},"end":{"line":30,"column":8}},"loc":{"start":{"line":30,"column":16},"end":{"line":32,"column":5}}},"4":{"name":"(anonymous_5)","decl":{"start":{"line":34,"column":4},"end":{"line":34,"column":8}},"loc":{"start":{"line":34,"column":36},"end":{"line":36,"column":5}}},"5":{"name":"(anonymous_6)","decl":{"start":{"line":38,"column":4},"end":{"line":38,"column":8}},"loc":{"start":{"line":38,"column":12},"end":{"line":40,"column":5}}},"6":{"name":"(anonymous_7)","decl":{"start":{"line":42,"column":4},"end":{"line":42,"column":8}},"loc":{"start":{"line":42,"column":20},"end":{"line":44,"column":5}}}},"branchMap":{},"s":{"0":6,"1":6,"2":8,"3":8,"4":8,"5":10,"6":1,"7":7,"8":1,"9":8,"10":1,"11":6},"f":{"0":8,"1":10,"2":1,"3":7,"4":1,"5":8,"6":1},"b":{}}
,"D:\\project\\SID\\app\\be_baru\\src\\Domains\\Entities\\Users\\UserLogedIn.ts": {"path":"D:\\project\\SID\\app\\be_baru\\src\\Domains\\Entities\\Users\\UserLogedIn.ts","statementMap":{"0":{"start":{"line":1,"column":0},"end":{"line":1,"column":72}},"1":{"start":{"line":3,"column":0},"end":{"line":3,"column":59}},"2":{"start":{"line":16,"column":8},"end":{"line":16,"column":47}},"3":{"start":{"line":17,"column":8},"end":{"line":17,"column":22}},"4":{"start":{"line":18,"column":8},"end":{"line":18,"column":26}},"5":{"start":{"line":19,"column":8},"end":{"line":19,"column":28}},"6":{"start":{"line":20,"column":8},"end":{"line":20,"column":26}},"7":{"start":{"line":24,"column":8},"end":{"line":24,"column":24}},"8":{"start":{"line":27,"column":8},"end":{"line":27,"column":26}},"9":{"start":{"line":30,"column":8},"end":{"line":30,"column":26}},"10":{"start":{"line":33,"column":8},"end":{"line":33,"column":27}},"11":{"start":{"line":36,"column":8},"end":{"line":36,"column":31}},"12":{"start":{"line":49,"column":0},"end":{"line":49,"column":27}}},"fnMap":{"0":{"name":"(anonymous_1)","decl":{"start":{"line":15,"column":4},"end":{"line":15,"column":16}},"loc":{"start":{"line":15,"column":58},"end":{"line":21,"column":5}}},"1":{"name":"(anonymous_2)","decl":{"start":{"line":23,"column":4},"end":{"line":23,"column":8}},"loc":{"start":{"line":23,"column":10},"end":{"line":25,"column":5}}},"2":{"name":"(anonymous_3)","decl":{"start":{"line":26,"column":4},"end":{"line":26,"column":8}},"loc":{"start":{"line":26,"column":12},"end":{"line":28,"column":5}}},"3":{"name":"(anonymous_4)","decl":{"start":{"line":29,"column":4},"end":{"line":29,"column":8}},"loc":{"start":{"line":29,"column":12},"end":{"line":31,"column":5}}},"4":{"name":"(anonymous_5)","decl":{"start":{"line":32,"column":4},"end":{"line":32,"column":8}},"loc":{"start":{"line":32,"column":13},"end":{"line":34,"column":5}}},"5":{"name":"(anonymous_6)","decl":{"start":{"line":35,"column":4},"end":{"line":35,"column":8}},"loc":{"start":{"line":35,"column":30},"end":{"line":37,"column":5}}}},"branchMap":{},"s":{"0":2,"1":2,"2":3,"3":3,"4":3,"5":3,"6":3,"7":4,"8":4,"9":2,"10":4,"11":1,"12":2},"f":{"0":3,"1":4,"2":4,"3":2,"4":4,"5":1},"b":{}}
,"D:\\project\\SID\\app\\be_baru\\src\\Domains\\Repository\\TokenRepositoryAbstract.ts": {"path":"D:\\project\\SID\\app\\be_baru\\src\\Domains\\Repository\\TokenRepositoryAbstract.ts","statementMap":{"0":{"start":{"line":3,"column":8},"end":{"line":3,"column":null}},"1":{"start":{"line":6,"column":8},"end":{"line":6,"column":88}},"2":{"start":{"line":10,"column":0},"end":{"line":10,"column":39}}},"fnMap":{"0":{"name":"(anonymous_7)","decl":{"start":{"line":2,"column":10},"end":{"line":2,"column":32}},"loc":{"start":{"line":2,"column":54},"end":{"line":4,"column":null}}},"1":{"name":"(anonymous_9)","decl":{"start":{"line":5,"column":10},"end":{"line":5,"column":28}},"loc":{"start":{"line":5,"column":49},"end":{"line":7,"column":null}}}},"branchMap":{},"s":{"0":0,"1":0,"2":5},"f":{"0":0,"1":0},"b":{}}
,"D:\\project\\SID\\app\\be_baru\\src\\Domains\\Repository\\UserRepositoryAbstract.ts": {"path":"D:\\project\\SID\\app\\be_baru\\src\\Domains\\Repository\\UserRepositoryAbstract.ts","statementMap":{"0":{"start":{"line":20,"column":8},"end":{"line":20,"column":null}},"1":{"start":{"line":23,"column":8},"end":{"line":23,"column":null}},"2":{"start":{"line":26,"column":8},"end":{"line":26,"column":null}},"3":{"start":{"line":29,"column":8},"end":{"line":29,"column":null}},"4":{"start":{"line":32,"column":8},"end":{"line":32,"column":65}},"5":{"start":{"line":35,"column":8},"end":{"line":35,"column":87}},"6":{"start":{"line":38,"column":8},"end":{"line":38,"column":94}},"7":{"start":{"line":43,"column":0},"end":{"line":43,"column":38}}},"fnMap":{"0":{"name":"(anonymous_7)","decl":{"start":{"line":19,"column":10},"end":{"line":19,"column":18}},"loc":{"start":{"line":19,"column":40},"end":{"line":21,"column":6}}},"1":{"name":"(anonymous_9)","decl":{"start":{"line":22,"column":10},"end":{"line":22,"column":15}},"loc":{"start":{"line":22,"column":61},"end":{"line":24,"column":6}}},"2":{"name":"(anonymous_11)","decl":{"start":{"line":25,"column":10},"end":{"line":25,"column":33}},"loc":{"start":{"line":25,"column":50},"end":{"line":27,"column":6}}},"3":{"name":"(anonymous_13)","decl":{"start":{"line":28,"column":10},"end":{"line":28,"column":29}},"loc":{"start":{"line":28,"column":46},"end":{"line":30,"column":null}}},"4":{"name":"(anonymous_15)","decl":{"start":{"line":31,"column":10},"end":{"line":31,"column":27}},"loc":{"start":{"line":31,"column":44},"end":{"line":33,"column":null}}},"5":{"name":"(anonymous_17)","decl":{"start":{"line":34,"column":10},"end":{"line":34,"column":28}},"loc":{"start":{"line":34,"column":58},"end":{"line":36,"column":null}}},"6":{"name":"(anonymous_19)","decl":{"start":{"line":37,"column":10},"end":{"line":37,"column":33}},"loc":{"start":{"line":37,"column":51},"end":{"line":39,"column":null}}}},"branchMap":{},"s":{"0":1,"1":1,"2":1,"3":1,"4":1,"5":1,"6":1,"7":6},"f":{"0":1,"1":1,"2":1,"3":1,"4":1,"5":1,"6":1},"b":{}}
,"D:\\project\\SID\\app\\be_baru\\src\\Infrastructures\\Container\\ServicesContainer.ts": {"path":"D:\\project\\SID\\app\\be_baru\\src\\Infrastructures\\Container\\ServicesContainer.ts","statementMap":{"0":{"start":{"line":1,"column":0},"end":{"line":1,"column":48}},"1":{"start":{"line":5,"column":0},"end":{"line":5,"column":74}},"2":{"start":{"line":6,"column":0},"end":{"line":6,"column":76}},"3":{"start":{"line":9,"column":0},"end":{"line":9,"column":73}},"4":{"start":{"line":10,"column":0},"end":{"line":10,"column":78}},"5":{"start":{"line":15,"column":0},"end":{"line":15,"column":28}},"6":{"start":{"line":16,"column":0},"end":{"line":16,"column":40}},"7":{"start":{"line":17,"column":0},"end":{"line":17,"column":70}},"8":{"start":{"line":18,"column":0},"end":{"line":18,"column":26}},"9":{"start":{"line":21,"column":0},"end":{"line":21,"column":73}},"10":{"start":{"line":22,"column":0},"end":{"line":22,"column":67}},"11":{"start":{"line":23,"column":0},"end":{"line":23,"column":84}},"12":{"start":{"line":25,"column":18},"end":{"line":25,"column":33}},"13":{"start":{"line":27,"column":0},"end":{"line":132,"column":3}},"14":{"start":{"line":135,"column":0},"end":{"line":135,"column":25}}},"fnMap":{},"branchMap":{},"s":{"0":2,"1":2,"2":2,"3":2,"4":2,"5":2,"6":2,"7":2,"8":2,"9":2,"10":2,"11":2,"12":2,"13":2,"14":2},"f":{},"b":{}}
,"D:\\project\\SID\\app\\be_baru\\src\\Infrastructures\\Database\\Prisma\\PostgreSQL\\PrismaClient.ts": {"path":"D:\\project\\SID\\app\\be_baru\\src\\Infrastructures\\Database\\Prisma\\PostgreSQL\\PrismaClient.ts","statementMap":{"0":{"start":{"line":1,"column":0},"end":{"line":1,"column":46}},"1":{"start":{"line":3,"column":21},"end":{"line":6,"column":2}},"2":{"start":{"line":7,"column":0},"end":{"line":7,"column":28}}},"fnMap":{},"branchMap":{},"s":{"0":5,"1":5,"2":5},"f":{},"b":{}}
,"D:\\project\\SID\\app\\be_baru\\src\\Infrastructures\\Http\\Express\\CreateServer.ts": {"path":"D:\\project\\SID\\app\\be_baru\\src\\Infrastructures\\Http\\Express\\CreateServer.ts","statementMap":{"0":{"start":{"line":1,"column":0},"end":{"line":1,"column":30}},"1":{"start":{"line":3,"column":21},"end":{"line":7,"column":1}},"2":{"start":{"line":4,"column":17},"end":{"line":4,"column":26}},"3":{"start":{"line":6,"column":4},"end":{"line":6,"column":15}},"4":{"start":{"line":9,"column":0},"end":{"line":9,"column":28}}},"fnMap":{"0":{"name":"(anonymous_1)","decl":{"start":{"line":3,"column":21},"end":{"line":3,"column":24}},"loc":{"start":{"line":3,"column":26},"end":{"line":7,"column":1}}}},"branchMap":{},"s":{"0":3,"1":3,"2":3,"3":3,"4":3},"f":{"0":3},"b":{}}
,"D:\\project\\SID\\app\\be_baru\\src\\Infrastructures\\Repository\\TokenRepositoryConcrete.ts": {"path":"D:\\project\\SID\\app\\be_baru\\src\\Infrastructures\\Repository\\TokenRepositoryConcrete.ts","statementMap":{"0":{"start":{"line":2,"column":0},"end":{"line":2,"column":87}},"1":{"start":{"line":3,"column":0},"end":{"line":3,"column":67}},"2":{"start":{"line":8,"column":8},"end":{"line":8,"column":16}},"3":{"start":{"line":9,"column":8},"end":{"line":9,"column":29}},"4":{"start":{"line":13,"column":21},"end":{"line":20,"column":10}},"5":{"start":{"line":22,"column":8},"end":{"line":24,"column":null}},"6":{"start":{"line":23,"column":12},"end":{"line":23,"column":59}},"7":{"start":{"line":26,"column":8},"end":{"line":31,"column":null}},"8":{"start":{"line":35,"column":8},"end":{"line":39,"column":null}},"9":{"start":{"line":43,"column":0},"end":{"line":43,"column":39}}},"fnMap":{"0":{"name":"(anonymous_8)","decl":{"start":{"line":7,"column":4},"end":{"line":7,"column":16}},"loc":{"start":{"line":7,"column":50},"end":{"line":10,"column":5}}},"1":{"name":"(anonymous_9)","decl":{"start":{"line":12,"column":10},"end":{"line":12,"column":32}},"loc":{"start":{"line":12,"column":53},"end":{"line":32,"column":null}}},"2":{"name":"(anonymous_11)","decl":{"start":{"line":34,"column":10},"end":{"line":34,"column":28}},"loc":{"start":{"line":34,"column":49},"end":{"line":40,"column":null}}}},"branchMap":{"0":{"loc":{"start":{"line":22,"column":8},"end":{"line":24,"column":null}},"type":"if","locations":[{"start":{"line":22,"column":8},"end":{"line":24,"column":null}}]}},"s":{"0":3,"1":3,"2":2,"3":2,"4":2,"5":2,"6":2,"7":0,"8":0,"9":3},"f":{"0":2,"1":2,"2":0},"b":{"0":[2]}}
,"D:\\project\\SID\\app\\be_baru\\src\\Infrastructures\\Repository\\UserRepositoryConcrete.ts": {"path":"D:\\project\\SID\\app\\be_baru\\src\\Infrastructures\\Repository\\UserRepositoryConcrete.ts","statementMap":{"0":{"start":{"line":2,"column":0},"end":{"line":2,"column":69}},"1":{"start":{"line":3,"column":0},"end":{"line":3,"column":67}},"2":{"start":{"line":4,"column":0},"end":{"line":4,"column":73}},"3":{"start":{"line":7,"column":0},"end":{"line":7,"column":73}},"4":{"start":{"line":9,"column":0},"end":{"line":9,"column":107}},"5":{"start":{"line":18,"column":8},"end":{"line":18,"column":16}},"6":{"start":{"line":19,"column":8},"end":{"line":19,"column":29}},"7":{"start":{"line":20,"column":8},"end":{"line":20,"column":39}},"8":{"start":{"line":21,"column":8},"end":{"line":21,"column":47}},"9":{"start":{"line":25,"column":21},"end":{"line":29,"column":10}},"10":{"start":{"line":30,"column":8},"end":{"line":32,"column":10}},"11":{"start":{"line":31,"column":12},"end":{"line":31,"column":70}},"12":{"start":{"line":36,"column":19},"end":{"line":36,"column":47}},"13":{"start":{"line":37,"column":48},"end":{"line":37,"column":55}},"14":{"start":{"line":38,"column":24},"end":{"line":56,"column":10}},"15":{"start":{"line":58,"column":8},"end":{"line":58,"column":48}},"16":{"start":{"line":62,"column":21},"end":{"line":66,"column":10}},"17":{"start":{"line":67,"column":8},"end":{"line":69,"column":null}},"18":{"start":{"line":68,"column":12},"end":{"line":68,"column":64}},"19":{"start":{"line":70,"column":8},"end":{"line":70,"column":20}},"20":{"start":{"line":74,"column":47},"end":{"line":86,"column":10}},"21":{"start":{"line":87,"column":8},"end":{"line":87,"column":20}},"22":{"start":{"line":91,"column":21},"end":{"line":102,"column":10}},"23":{"start":{"line":104,"column":8},"end":{"line":104,"column":20}},"24":{"start":{"line":108,"column":21},"end":{"line":108,"column":54}},"25":{"start":{"line":109,"column":8},"end":{"line":117,"column":null}},"26":{"start":{"line":110,"column":12},"end":{"line":110,"column":53}},"27":{"start":{"line":111,"column":12},"end":{"line":115,"column":15}},"28":{"start":{"line":116,"column":12},"end":{"line":116,"column":24}},"29":{"start":{"line":118,"column":8},"end":{"line":118,"column":21}},"30":{"start":{"line":122,"column":37},"end":{"line":122,"column":44}},"31":{"start":{"line":123,"column":8},"end":{"line":123,"column":53}},"32":{"start":{"line":124,"column":21},"end":{"line":124,"column":59}},"33":{"start":{"line":126,"column":24},"end":{"line":126,"column":92}},"34":{"start":{"line":127,"column":8},"end":{"line":129,"column":10}},"35":{"start":{"line":128,"column":12},"end":{"line":128,"column":71}},"36":{"start":{"line":133,"column":8},"end":{"line":149,"column":null}},"37":{"start":{"line":134,"column":25},"end":{"line":145,"column":14}},"38":{"start":{"line":147,"column":12},"end":{"line":147,"column":47}},"39":{"start":{"line":155,"column":0},"end":{"line":155,"column":null}}},"fnMap":{"0":{"name":"(anonymous_8)","decl":{"start":{"line":17,"column":4},"end":{"line":17,"column":16}},"loc":{"start":{"line":17,"column":140},"end":{"line":22,"column":5}}},"1":{"name":"(anonymous_9)","decl":{"start":{"line":24,"column":10},"end":{"line":24,"column":33}},"loc":{"start":{"line":24,"column":50},"end":{"line":33,"column":null}}},"2":{"name":"(anonymous_11)","decl":{"start":{"line":35,"column":10},"end":{"line":35,"column":18}},"loc":{"start":{"line":35,"column":40},"end":{"line":59,"column":null}}},"3":{"name":"(anonymous_13)","decl":{"start":{"line":61,"column":10},"end":{"line":61,"column":29}},"loc":{"start":{"line":61,"column":46},"end":{"line":71,"column":null}}},"4":{"name":"(anonymous_15)","decl":{"start":{"line":73,"column":10},"end":{"line":73,"column":27}},"loc":{"start":{"line":73,"column":44},"end":{"line":88,"column":null}}},"5":{"name":"(anonymous_17)","decl":{"start":{"line":90,"column":10},"end":{"line":90,"column":22}},"loc":{"start":{"line":90,"column":40},"end":{"line":105,"column":null}}},"6":{"name":"(anonymous_19)","decl":{"start":{"line":107,"column":10},"end":{"line":107,"column":33}},"loc":{"start":{"line":107,"column":50},"end":{"line":119,"column":null}}},"7":{"name":"(anonymous_21)","decl":{"start":{"line":121,"column":10},"end":{"line":121,"column":15}},"loc":{"start":{"line":121,"column":61},"end":{"line":130,"column":null}}},"8":{"name":"(anonymous_23)","decl":{"start":{"line":132,"column":10},"end":{"line":132,"column":28}},"loc":{"start":{"line":132,"column":58},"end":{"line":150,"column":null}}}},"branchMap":{"0":{"loc":{"start":{"line":30,"column":8},"end":{"line":32,"column":10}},"type":"if","locations":[{"start":{"line":30,"column":8},"end":{"line":32,"column":10}}]},"1":{"loc":{"start":{"line":67,"column":8},"end":{"line":69,"column":null}},"type":"if","locations":[{"start":{"line":67,"column":8},"end":{"line":69,"column":null}}]},"2":{"loc":{"start":{"line":109,"column":8},"end":{"line":117,"column":null}},"type":"if","locations":[{"start":{"line":109,"column":8},"end":{"line":117,"column":null}}]},"3":{"loc":{"start":{"line":109,"column":11},"end":{"line":109,"column":31}},"type":"cond-expr","locations":[{"start":{"line":109,"column":15},"end":{"line":109,"column":17}},{"start":{"line":109,"column":11},"end":{"line":109,"column":31}}]},"4":{"loc":{"start":{"line":109,"column":11},"end":{"line":109,"column":17}},"type":"binary-expr","locations":[{"start":{"line":109,"column":11},"end":{"line":109,"column":17}},{"start":{"line":109,"column":11},"end":{"line":109,"column":17}}]},"5":{"loc":{"start":{"line":127,"column":8},"end":{"line":129,"column":10}},"type":"if","locations":[{"start":{"line":127,"column":8},"end":{"line":129,"column":10}}]}},"s":{"0":3,"1":3,"2":3,"3":3,"4":3,"5":11,"6":11,"7":11,"8":11,"9":4,"10":4,"11":0,"12":5,"13":5,"14":5,"15":5,"16":4,"17":4,"18":1,"19":3,"20":6,"21":6,"22":6,"23":6,"24":6,"25":6,"26":0,"27":0,"28":0,"29":6,"30":4,"31":4,"32":4,"33":4,"34":1,"35":0,"36":3,"37":3,"38":1,"39":3},"f":{"0":11,"1":4,"2":5,"3":4,"4":6,"5":6,"6":6,"7":4,"8":3},"b":{"0":[0],"1":[1],"2":[0],"3":[1,5],"4":[6,5],"5":[0]}}
,"D:\\project\\SID\\app\\be_baru\\src\\Infrastructures\\Security\\Hash\\PasswordHashConcrete.ts": {"path":"D:\\project\\SID\\app\\be_baru\\src\\Infrastructures\\Security\\Hash\\PasswordHashConcrete.ts","statementMap":{"0":{"start":{"line":1,"column":0},"end":{"line":1,"column":79}},"1":{"start":{"line":2,"column":0},"end":{"line":2,"column":76}},"2":{"start":{"line":9,"column":8},"end":{"line":9,"column":16}},"3":{"start":{"line":10,"column":8},"end":{"line":10,"column":29}},"4":{"start":{"line":11,"column":8},"end":{"line":11,"column":35}},"5":{"start":{"line":15,"column":28},"end":{"line":15,"column":76}},"6":{"start":{"line":16,"column":8},"end":{"line":16,"column":27}},"7":{"start":{"line":19,"column":24},"end":{"line":19,"column":75}},"8":{"start":{"line":20,"column":8},"end":{"line":22,"column":null}},"9":{"start":{"line":21,"column":12},"end":{"line":21,"column":71}},"10":{"start":{"line":23,"column":8},"end":{"line":23,"column":23}},"11":{"start":{"line":27,"column":0},"end":{"line":27,"column":null}}},"fnMap":{"0":{"name":"(anonymous_8)","decl":{"start":{"line":8,"column":4},"end":{"line":8,"column":16}},"loc":{"start":{"line":8,"column":51},"end":{"line":12,"column":5}}},"1":{"name":"(anonymous_9)","decl":{"start":{"line":14,"column":10},"end":{"line":14,"column":14}},"loc":{"start":{"line":14,"column":31},"end":{"line":17,"column":null}}},"2":{"name":"(anonymous_11)","decl":{"start":{"line":18,"column":10},"end":{"line":18,"column":25}},"loc":{"start":{"line":18,"column":66},"end":{"line":24,"column":null}}}},"branchMap":{"0":{"loc":{"start":{"line":8,"column":29},"end":{"line":8,"column":51}},"type":"default-arg","locations":[{"start":{"line":8,"column":49},"end":{"line":8,"column":51}}]},"1":{"loc":{"start":{"line":20,"column":8},"end":{"line":22,"column":null}},"type":"if","locations":[{"start":{"line":20,"column":8},"end":{"line":22,"column":null}}]}},"s":{"0":3,"1":3,"2":4,"3":4,"4":4,"5":4,"6":4,"7":3,"8":3,"9":2,"10":1,"11":3},"f":{"0":4,"1":4,"2":3},"b":{"0":[4],"1":[2]}}
,"D:\\project\\SID\\app\\be_baru\\src\\Infrastructures\\Security\\Token\\TokenGeneratorConcrete.ts": {"path":"D:\\project\\SID\\app\\be_baru\\src\\Infrastructures\\Security\\Token\\TokenGeneratorConcrete.ts","statementMap":{"0":{"start":{"line":1,"column":0},"end":{"line":1,"column":91}},"1":{"start":{"line":2,"column":0},"end":{"line":2,"column":72}},"2":{"start":{"line":7,"column":8},"end":{"line":7,"column":16}},"3":{"start":{"line":8,"column":8},"end":{"line":8,"column":23}},"4":{"start":{"line":10,"column":8},"end":{"line":10,"column":73}},"5":{"start":{"line":16,"column":8},"end":{"line":21,"column":null}},"6":{"start":{"line":17,"column":12},"end":{"line":19,"column":15}},"7":{"start":{"line":20,"column":12},"end":{"line":20,"column":25}},"8":{"start":{"line":22,"column":8},"end":{"line":24,"column":11}},"9":{"start":{"line":26,"column":8},"end":{"line":26,"column":21}},"10":{"start":{"line":31,"column":29},"end":{"line":31,"column":84}},"11":{"start":{"line":33,"column":8},"end":{"line":33,"column":28}},"12":{"start":{"line":37,"column":8},"end":{"line":41,"column":null}},"13":{"start":{"line":38,"column":12},"end":{"line":38,"column":55}},"14":{"start":{"line":40,"column":12},"end":{"line":40,"column":50}},"15":{"start":{"line":46,"column":0},"end":{"line":46,"column":38}}},"fnMap":{"0":{"name":"(anonymous_1)","decl":{"start":{"line":6,"column":4},"end":{"line":6,"column":17}},"loc":{"start":{"line":6,"column":25},"end":{"line":11,"column":5}}},"1":{"name":"(anonymous_2)","decl":{"start":{"line":14,"column":4},"end":{"line":14,"column":17}},"loc":{"start":{"line":14,"column":136},"end":{"line":28,"column":5}}},"2":{"name":"(anonymous_3)","decl":{"start":{"line":30,"column":4},"end":{"line":30,"column":24}},"loc":{"start":{"line":30,"column":151},"end":{"line":34,"column":5}}},"3":{"name":"(anonymous_4)","decl":{"start":{"line":36,"column":4},"end":{"line":36,"column":29}},"loc":{"start":{"line":36,"column":71},"end":{"line":42,"column":5}}}},"branchMap":{"0":{"loc":{"start":{"line":14,"column":76},"end":{"line":14,"column":113}},"type":"default-arg","locations":[{"start":{"line":14,"column":98},"end":{"line":14,"column":113}}]},"1":{"loc":{"start":{"line":16,"column":8},"end":{"line":21,"column":null}},"type":"if","locations":[{"start":{"line":16,"column":8},"end":{"line":21,"column":null}}]},"2":{"loc":{"start":{"line":30,"column":106},"end":{"line":30,"column":151}},"type":"default-arg","locations":[{"start":{"line":30,"column":128},"end":{"line":30,"column":151}}]}},"s":{"0":3,"1":3,"2":4,"3":4,"4":4,"5":4,"6":2,"7":2,"8":2,"9":2,"10":2,"11":2,"12":0,"13":0,"14":0,"15":3},"f":{"0":4,"1":4,"2":2,"3":0},"b":{"0":[1],"1":[2],"2":[1]}}
,"D:\\project\\SID\\app\\be_baru\\src\\Interfaces\\Controller\\AuthenticationController.ts": {"path":"D:\\project\\SID\\app\\be_baru\\src\\Interfaces\\Controller\\AuthenticationController.ts","statementMap":{"0":{"start":{"line":3,"column":0},"end":{"line":3,"column":74}},"1":{"start":{"line":4,"column":0},"end":{"line":4,"column":84}},"2":{"start":{"line":5,"column":0},"end":{"line":5,"column":63}},"3":{"start":{"line":6,"column":0},"end":{"line":6,"column":95}},"4":{"start":{"line":10,"column":8},"end":{"line":31,"column":null}},"5":{"start":{"line":11,"column":37},"end":{"line":11,"column":45}},"6":{"start":{"line":12,"column":45},"end":{"line":12,"column":97}},"7":{"start":{"line":13,"column":29},"end":{"line":13,"column":81}},"8":{"start":{"line":14,"column":12},"end":{"line":18,"column":null}},"9":{"start":{"line":20,"column":12},"end":{"line":26,"column":null}},"10":{"start":{"line":21,"column":16},"end":{"line":24,"column":19}},"11":{"start":{"line":25,"column":16},"end":{"line":25,"column":23}},"12":{"start":{"line":27,"column":12},"end":{"line":30,"column":null}},"13":{"start":{"line":35,"column":8},"end":{"line":48,"column":null}},"14":{"start":{"line":36,"column":37},"end":{"line":36,"column":47}},"15":{"start":{"line":37,"column":12},"end":{"line":37,"column":40}},"16":{"start":{"line":38,"column":61},"end":{"line":38,"column":112}},"17":{"start":{"line":39,"column":12},"end":{"line":39,"column":67}},"18":{"start":{"line":40,"column":12},"end":{"line":43,"column":15}},"19":{"start":{"line":45,"column":12},"end":{"line":47,"column":null}},"20":{"start":{"line":52,"column":0},"end":{"line":52,"column":40}}},"fnMap":{"0":{"name":"(anonymous_8)","decl":{"start":{"line":9,"column":4},"end":{"line":9,"column":10}},"loc":{"start":{"line":9,"column":79},"end":{"line":32,"column":null}}},"1":{"name":"(anonymous_10)","decl":{"start":{"line":34,"column":4},"end":{"line":34,"column":10}},"loc":{"start":{"line":34,"column":79},"end":{"line":49,"column":null}}}},"branchMap":{"0":{"loc":{"start":{"line":20,"column":12},"end":{"line":26,"column":null}},"type":"if","locations":[{"start":{"line":20,"column":12},"end":{"line":26,"column":null}}]}},"s":{"0":1,"1":1,"2":1,"3":1,"4":1,"5":1,"6":1,"7":1,"8":0,"9":1,"10":1,"11":1,"12":0,"13":0,"14":0,"15":0,"16":0,"17":0,"18":0,"19":0,"20":1},"f":{"0":1,"1":0},"b":{"0":[1]}}
,"D:\\project\\SID\\app\\be_baru\\src\\Interfaces\\Http\\Api\\authentications\\authenticationRoutes.ts": {"path":"D:\\project\\SID\\app\\be_baru\\src\\Interfaces\\Http\\Api\\authentications\\authenticationRoutes.ts","statementMap":{"0":{"start":{"line":1,"column":28},"end":{"line":6,"column":1}},"1":{"start":{"line":2,"column":19},"end":{"line":2,"column":35}},"2":{"start":{"line":3,"column":4},"end":{"line":3,"column":51}},"3":{"start":{"line":4,"column":4},"end":{"line":4,"column":67}},"4":{"start":{"line":5,"column":4},"end":{"line":5,"column":18}},"5":{"start":{"line":8,"column":0},"end":{"line":8,"column":35}}},"fnMap":{"0":{"name":"(anonymous_0)","decl":{"start":{"line":1,"column":28},"end":{"line":1,"column":29}},"loc":{"start":{"line":1,"column":62},"end":{"line":6,"column":1}}}},"branchMap":{},"s":{"0":1,"1":1,"2":1,"3":1,"4":1,"5":1},"f":{"0":1},"b":{}}
,"D:\\project\\SID\\app\\be_baru\\src\\Interfaces\\Http\\Api\\users\\userRoutes.ts": {"path":"D:\\project\\SID\\app\\be_baru\\src\\Interfaces\\Http\\Api\\users\\userRoutes.ts","statementMap":{"0":{"start":{"line":3,"column":19},"end":{"line":13,"column":1}},"1":{"start":{"line":4,"column":24},"end":{"line":4,"column":40}},"2":{"start":{"line":6,"column":4},"end":{"line":8,"column":null}},"3":{"start":{"line":7,"column":8},"end":{"line":7,"column":25}},"4":{"start":{"line":9,"column":4},"end":{"line":9,"column":52}},"5":{"start":{"line":10,"column":4},"end":{"line":10,"column":44}},"6":{"start":{"line":12,"column":4},"end":{"line":12,"column":18}},"7":{"start":{"line":15,"column":0},"end":{"line":15,"column":26}}},"fnMap":{"0":{"name":"(anonymous_0)","decl":{"start":{"line":3,"column":19},"end":{"line":3,"column":20}},"loc":{"start":{"line":3,"column":53},"end":{"line":13,"column":1}}},"1":{"name":"(anonymous_1)","decl":{"start":{"line":6,"column":20},"end":{"line":6,"column":21}},"loc":{"start":{"line":6,"column":43},"end":{"line":8,"column":5}}}},"branchMap":{},"s":{"0":1,"1":1,"2":1,"3":0,"4":1,"5":1,"6":1,"7":1},"f":{"0":1,"1":0},"b":{}}
}
