{"D:\\project\\SID\\app\\be_baru\\src\\Commons\\Exceptions\\InvariantError.ts": {"path":"D:\\project\\SID\\app\\be_baru\\src\\Commons\\Exceptions\\InvariantError.ts","statementMap":{"0":{"start":{"line":1,"column":0},"end":{"line":1,"column":40}},"1":{"start":{"line":5,"column":8},"end":{"line":5,"column":35}},"2":{"start":{"line":6,"column":8},"end":{"line":6,"column":37}},"3":{"start":{"line":10,"column":0},"end":{"line":10,"column":30}}},"fnMap":{"0":{"name":"(anonymous_1)","decl":{"start":{"line":4,"column":4},"end":{"line":4,"column":16}},"loc":{"start":{"line":4,"column":57},"end":{"line":7,"column":5}}}},"branchMap":{"0":{"loc":{"start":{"line":4,"column":33},"end":{"line":4,"column":57}},"type":"default-arg","locations":[{"start":{"line":4,"column":54},"end":{"line":4,"column":57}}]}},"s":{"0":1,"1":0,"2":0,"3":1},"f":{"0":0},"b":{"0":[0]}}
,"D:\\project\\SID\\app\\be_baru\\src\\Domains\\Entities\\Users\\RegisterUser.ts": {"path":"D:\\project\\SID\\app\\be_baru\\src\\Domains\\Entities\\Users\\RegisterUser.ts","statementMap":{"0":{"start":{"line":2,"column":0},"end":{"line":2,"column":44}},"1":{"start":{"line":8,"column":8},"end":{"line":8,"column":53}},"2":{"start":{"line":12,"column":0},"end":{"line":12,"column":28}}},"fnMap":{"0":{"name":"(anonymous_1)","decl":{"start":{"line":7,"column":4},"end":{"line":7,"column":16}},"loc":{"start":{"line":7,"column":60},"end":{"line":9,"column":5}}}},"branchMap":{},"s":{"0":1,"1":1,"2":1},"f":{"0":1},"b":{}}
,"D:\\project\\SID\\app\\be_baru\\src\\Domains\\Entities\\Users\\Interface\\AbstractUser.ts": {"path":"D:\\project\\SID\\app\\be_baru\\src\\Domains\\Entities\\Users\\Interface\\AbstractUser.ts","statementMap":{"0":{"start":{"line":2,"column":0},"end":{"line":2,"column":46}},"1":{"start":{"line":3,"column":0},"end":{"line":3,"column":75}},"2":{"start":{"line":14,"column":8},"end":{"line":14,"column":61}},"3":{"start":{"line":15,"column":8},"end":{"line":15,"column":34}},"4":{"start":{"line":16,"column":8},"end":{"line":16,"column":34}},"5":{"start":{"line":17,"column":8},"end":{"line":17,"column":26}},"6":{"start":{"line":18,"column":8},"end":{"line":18,"column":26}},"7":{"start":{"line":19,"column":8},"end":{"line":19,"column":null}},"8":{"start":{"line":31,"column":8},"end":{"line":31,"column":26}},"9":{"start":{"line":35,"column":8},"end":{"line":35,"column":29}},"10":{"start":{"line":39,"column":8},"end":{"line":39,"column":26}},"11":{"start":{"line":43,"column":8},"end":{"line":43,"column":29}},"12":{"start":{"line":47,"column":8},"end":{"line":47,"column":30}},"13":{"start":{"line":51,"column":8},"end":{"line":51,"column":37}},"14":{"start":{"line":55,"column":8},"end":{"line":55,"column":30}},"15":{"start":{"line":59,"column":8},"end":{"line":59,"column":37}},"16":{"start":{"line":63,"column":8},"end":{"line":63,"column":25}},"17":{"start":{"line":67,"column":8},"end":{"line":67,"column":27}},"18":{"start":{"line":74,"column":0},"end":{"line":74,"column":20}}},"fnMap":{"0":{"name":"(anonymous_1)","decl":{"start":{"line":13,"column":4},"end":{"line":13,"column":16}},"loc":{"start":{"line":13,"column":60},"end":{"line":20,"column":5}}},"1":{"name":"(anonymous_2)","decl":{"start":{"line":30,"column":4},"end":{"line":30,"column":8}},"loc":{"start":{"line":30,"column":12},"end":{"line":32,"column":5}}},"2":{"name":"(anonymous_3)","decl":{"start":{"line":34,"column":4},"end":{"line":34,"column":8}},"loc":{"start":{"line":34,"column":28},"end":{"line":36,"column":5}}},"3":{"name":"(anonymous_4)","decl":{"start":{"line":38,"column":4},"end":{"line":38,"column":8}},"loc":{"start":{"line":38,"column":12},"end":{"line":40,"column":5}}},"4":{"name":"(anonymous_5)","decl":{"start":{"line":42,"column":4},"end":{"line":42,"column":8}},"loc":{"start":{"line":42,"column":28},"end":{"line":44,"column":5}}},"5":{"name":"(anonymous_6)","decl":{"start":{"line":46,"column":4},"end":{"line":46,"column":8}},"loc":{"start":{"line":46,"column":16},"end":{"line":48,"column":5}}},"6":{"name":"(anonymous_7)","decl":{"start":{"line":50,"column":4},"end":{"line":50,"column":8}},"loc":{"start":{"line":50,"column":36},"end":{"line":52,"column":5}}},"7":{"name":"(anonymous_8)","decl":{"start":{"line":54,"column":4},"end":{"line":54,"column":8}},"loc":{"start":{"line":54,"column":16},"end":{"line":56,"column":5}}},"8":{"name":"(anonymous_9)","decl":{"start":{"line":58,"column":4},"end":{"line":58,"column":8}},"loc":{"start":{"line":58,"column":28},"end":{"line":60,"column":5}}},"9":{"name":"(anonymous_10)","decl":{"start":{"line":62,"column":4},"end":{"line":62,"column":8}},"loc":{"start":{"line":62,"column":11},"end":{"line":64,"column":5}}},"10":{"name":"(anonymous_11)","decl":{"start":{"line":66,"column":4},"end":{"line":66,"column":8}},"loc":{"start":{"line":66,"column":18},"end":{"line":68,"column":5}}}},"branchMap":{},"s":{"0":1,"1":1,"2":1,"3":1,"4":1,"5":1,"6":1,"7":1,"8":0,"9":0,"10":0,"11":0,"12":0,"13":0,"14":0,"15":0,"16":0,"17":0,"18":1},"f":{"0":1,"1":0,"2":0,"3":0,"4":0,"5":0,"6":0,"7":0,"8":0,"9":0,"10":0},"b":{}}
,"D:\\project\\SID\\app\\be_baru\\src\\Domains\\Entities\\Users\\schema\\UserSchema.ts": {"path":"D:\\project\\SID\\app\\be_baru\\src\\Domains\\Entities\\Users\\schema\\UserSchema.ts","statementMap":{"0":{"start":{"line":1,"column":0},"end":{"line":1,"column":22}},"1":{"start":{"line":3,"column":19},"end":{"line":9,"column":2}},"2":{"start":{"line":11,"column":0},"end":{"line":11,"column":26}}},"fnMap":{},"branchMap":{},"s":{"0":1,"1":1,"2":1},"f":{},"b":{}}
,"D:\\project\\SID\\app\\be_baru\\src\\Domains\\Repository\\UserRepositoryAbstract.ts": {"path":"D:\\project\\SID\\app\\be_baru\\src\\Domains\\Repository\\UserRepositoryAbstract.ts","statementMap":{"0":{"start":{"line":9,"column":8},"end":{"line":9,"column":null}},"1":{"start":{"line":12,"column":8},"end":{"line":12,"column":null}},"2":{"start":{"line":15,"column":8},"end":{"line":15,"column":null}},"3":{"start":{"line":18,"column":8},"end":{"line":18,"column":null}},"4":{"start":{"line":22,"column":0},"end":{"line":22,"column":38}}},"fnMap":{"0":{"name":"(anonymous_7)","decl":{"start":{"line":8,"column":10},"end":{"line":8,"column":18}},"loc":{"start":{"line":8,"column":40},"end":{"line":10,"column":6}}},"1":{"name":"(anonymous_9)","decl":{"start":{"line":11,"column":10},"end":{"line":11,"column":15}},"loc":{"start":{"line":11,"column":61},"end":{"line":13,"column":6}}},"2":{"name":"(anonymous_11)","decl":{"start":{"line":14,"column":10},"end":{"line":14,"column":33}},"loc":{"start":{"line":14,"column":50},"end":{"line":16,"column":6}}},"3":{"name":"(anonymous_13)","decl":{"start":{"line":17,"column":10},"end":{"line":17,"column":29}},"loc":{"start":{"line":17,"column":46},"end":{"line":19,"column":null}}}},"branchMap":{},"s":{"0":1,"1":1,"2":1,"3":1,"4":1},"f":{"0":1,"1":1,"2":1,"3":1},"b":{}}
}
