TN:
SF:src\Applications\Security\TokenGeneratorAbstract.ts
FNF:0
FNH:0
DA:12,4
LF:1
LH:1
BRF:0
BRH:0
end_of_record
TN:
SF:src\Applications\Usecase\LoginUsecase.ts
FN:9,(anonymous_7)
FN:14,(anonymous_8)
FNF:2
FNH:2
FNDA:2,(anonymous_7)
FNDA:3,(anonymous_8)
DA:10,2
DA:11,2
DA:15,3
DA:16,3
DA:17,3
DA:18,2
DA:19,2
DA:24,2
DA:29,2
DA:32,2
DA:39,2
DA:43,2
LF:12
LH:12
BRDA:23,0,0,2
BRDA:23,0,1,1
BRDA:28,1,0,2
BRDA:28,1,1,1
BRF:4
BRH:4
end_of_record
TN:
SF:src\Applications\Usecase\RegisterUsecase.ts
FN:11,(anonymous_8)
FN:16,(anonymous_9)
FNF:2
FNH:2
FNDA:2,(anonymous_8)
FNDA:5,(anonymous_9)
DA:2,2
DA:12,2
DA:13,2
DA:17,5
DA:18,4
DA:19,3
DA:20,3
DA:22,3
DA:26,2
LF:9
LH:9
BRF:0
BRH:0
end_of_record
TN:
SF:src\Commons\Exceptions\InvariantError.ts
FN:4,(anonymous_1)
FNF:1
FNH:1
FNDA:8,(anonymous_1)
DA:1,9
DA:5,8
DA:6,8
DA:10,9
LF:4
LH:4
BRDA:4,0,0,4
BRF:1
BRH:1
end_of_record
TN:
SF:src\Commons\Exceptions\NotFoundError.ts
FN:4,(anonymous_1)
FNF:1
FNH:1
FNDA:3,(anonymous_1)
DA:1,3
DA:5,3
DA:9,3
LF:3
LH:3
BRF:0
BRH:0
end_of_record
TN:
SF:src\Commons\Exceptions\UnauthorizeError.ts
FN:4,(anonymous_1)
FNF:1
FNH:1
FNDA:3,(anonymous_1)
DA:1,4
DA:5,3
DA:9,4
LF:3
LH:3
BRF:0
BRH:0
end_of_record
TN:
SF:src\Domains\Entities\Users\RegisterUser.ts
FN:7,(anonymous_1)
FNF:1
FNH:1
FNDA:23,(anonymous_1)
DA:2,5
DA:8,23
DA:12,5
LF:3
LH:3
BRF:0
BRH:0
end_of_record
TN:
SF:src\Domains\Entities\Users\RegisteredUser.ts
FN:16,(anonymous_1)
FN:22,(anonymous_2)
FN:26,(anonymous_3)
FN:30,(anonymous_4)
FN:34,(anonymous_5)
FN:38,(anonymous_6)
FN:42,(anonymous_7)
FNF:7
FNH:7
FNDA:7,(anonymous_1)
FNDA:9,(anonymous_2)
FNDA:1,(anonymous_3)
FNDA:6,(anonymous_4)
FNDA:1,(anonymous_5)
FNDA:7,(anonymous_6)
FNDA:1,(anonymous_7)
DA:3,5
DA:4,5
DA:17,7
DA:18,7
DA:19,7
DA:23,9
DA:27,1
DA:31,6
DA:35,1
DA:39,7
DA:43,1
DA:55,5
LF:12
LH:12
BRF:0
BRH:0
end_of_record
TN:
SF:src\Domains\Entities\Users\UserLogedIn.ts
FN:15,(anonymous_1)
FN:23,(anonymous_2)
FN:26,(anonymous_3)
FN:29,(anonymous_4)
FN:32,(anonymous_5)
FN:35,(anonymous_6)
FNF:6
FNH:6
FNDA:3,(anonymous_1)
FNDA:4,(anonymous_2)
FNDA:4,(anonymous_3)
FNDA:2,(anonymous_4)
FNDA:4,(anonymous_5)
FNDA:1,(anonymous_6)
DA:1,2
DA:3,2
DA:16,3
DA:17,3
DA:18,3
DA:19,3
DA:20,3
DA:24,4
DA:27,4
DA:30,2
DA:33,4
DA:36,1
DA:49,2
LF:13
LH:13
BRF:0
BRH:0
end_of_record
TN:
SF:src\Domains\Entities\Users\Interface\AbstractUser.ts
FN:13,(anonymous_1)
FN:30,(anonymous_2)
FN:34,(anonymous_3)
FN:38,(anonymous_4)
FN:42,(anonymous_5)
FN:46,(anonymous_6)
FN:50,(anonymous_7)
FN:54,(anonymous_8)
FN:58,(anonymous_9)
FN:62,(anonymous_10)
FN:66,(anonymous_11)
FNF:11
FNH:11
FNDA:23,(anonymous_1)
FNDA:27,(anonymous_2)
FNDA:1,(anonymous_3)
FNDA:16,(anonymous_4)
FNDA:1,(anonymous_5)
FNDA:11,(anonymous_6)
FNDA:1,(anonymous_7)
FNDA:11,(anonymous_8)
FNDA:4,(anonymous_9)
FNDA:6,(anonymous_10)
FNDA:1,(anonymous_11)
DA:2,5
DA:3,5
DA:14,23
DA:15,20
DA:16,20
DA:17,20
DA:18,20
DA:19,20
DA:31,27
DA:35,1
DA:39,16
DA:43,1
DA:47,11
DA:51,1
DA:55,11
DA:59,4
DA:63,6
DA:67,1
DA:74,5
LF:19
LH:19
BRF:0
BRH:0
end_of_record
TN:
SF:src\Domains\Entities\Users\schema\LogedInUserSchema.ts
FNF:0
FNH:0
DA:1,2
DA:3,2
DA:10,2
LF:3
LH:3
BRF:0
BRH:0
end_of_record
TN:
SF:src\Domains\Entities\Users\schema\RegisteredUserSchema.ts
FNF:0
FNH:0
DA:1,5
DA:3,5
DA:9,5
LF:3
LH:3
BRF:0
BRH:0
end_of_record
TN:
SF:src\Domains\Entities\Users\schema\UserSchema.ts
FNF:0
FNH:0
DA:1,5
DA:3,5
DA:11,5
LF:3
LH:3
BRF:0
BRH:0
end_of_record
TN:
SF:src\Domains\Repository\UserRepositoryAbstract.ts
FN:19,(anonymous_7)
FN:22,(anonymous_9)
FN:25,(anonymous_11)
FN:28,(anonymous_13)
FN:31,(anonymous_15)
FN:34,(anonymous_17)
FNF:6
FNH:6
FNDA:1,(anonymous_7)
FNDA:1,(anonymous_9)
FNDA:1,(anonymous_11)
FNDA:1,(anonymous_13)
FNDA:1,(anonymous_15)
FNDA:1,(anonymous_17)
DA:20,1
DA:23,1
DA:26,1
DA:29,1
DA:32,1
DA:35,1
DA:39,5
LF:7
LH:7
BRF:0
BRH:0
end_of_record
TN:
SF:src\Infrastructures\Container\ServicesContainer.ts
FNF:0
FNH:0
DA:1,1
DA:5,1
DA:8,1
DA:9,1
DA:13,1
DA:14,1
DA:15,1
DA:16,1
DA:19,1
DA:20,1
DA:22,1
DA:24,1
DA:104,1
LF:13
LH:13
BRF:0
BRH:0
end_of_record
TN:
SF:src\Infrastructures\Database\Prisma\PostgreSQL\PrismaClient.ts
FNF:0
FNH:0
DA:1,2
DA:3,2
DA:7,2
LF:3
LH:3
BRF:0
BRH:0
end_of_record
TN:
SF:src\Infrastructures\Http\Express\CreateServer.ts
FN:3,(anonymous_1)
FNF:1
FNH:1
FNDA:2,(anonymous_1)
DA:1,2
DA:3,2
DA:4,2
DA:6,2
DA:9,2
LF:5
LH:5
BRF:0
BRH:0
end_of_record
TN:
SF:src\Infrastructures\Repository\UserRepositoryConcrete.ts
FN:17,(anonymous_8)
FN:24,(anonymous_9)
FN:35,(anonymous_11)
FN:61,(anonymous_13)
FN:73,(anonymous_15)
FN:89,(anonymous_17)
FN:98,(anonymous_19)
FNF:7
FNH:7
FNDA:12,(anonymous_8)
FNDA:5,(anonymous_9)
FNDA:4,(anonymous_11)
FNDA:4,(anonymous_13)
FNDA:6,(anonymous_15)
FNDA:4,(anonymous_17)
FNDA:3,(anonymous_19)
DA:2,2
DA:3,2
DA:4,2
DA:7,2
DA:9,2
DA:18,12
DA:19,12
DA:20,12
DA:21,12
DA:25,5
DA:30,5
DA:31,2
DA:36,4
DA:37,4
DA:38,4
DA:58,4
DA:62,4
DA:67,4
DA:68,1
DA:70,3
DA:74,6
DA:86,6
DA:90,4
DA:91,4
DA:92,4
DA:93,4
DA:94,2
DA:99,3
DA:100,3
DA:113,1
DA:121,2
LF:31
LH:31
BRDA:30,0,0,2
BRDA:67,1,0,1
BRDA:93,2,0,2
BRF:3
BRH:3
end_of_record
TN:
SF:src\Infrastructures\Security\Hash\PasswordHashConcrete.ts
FN:8,(anonymous_8)
FN:14,(anonymous_9)
FN:18,(anonymous_11)
FNF:3
FNH:3
FNDA:3,(anonymous_8)
FNDA:3,(anonymous_9)
FNDA:2,(anonymous_11)
DA:1,2
DA:2,2
DA:9,3
DA:10,3
DA:11,3
DA:15,3
DA:16,3
DA:19,2
DA:20,2
DA:21,0
DA:23,2
DA:27,2
LF:12
LH:11
BRDA:8,0,0,3
BRDA:20,1,0,0
BRF:2
BRH:1
end_of_record
TN:
SF:src\Infrastructures\Security\Token\TokenGeneratorConcrete.ts
FN:5,(anonymous_1)
FN:13,(anonymous_2)
FN:29,(anonymous_3)
FNF:3
FNH:3
FNDA:3,(anonymous_1)
FNDA:4,(anonymous_2)
FNDA:2,(anonymous_3)
DA:1,2
DA:6,3
DA:7,3
DA:9,3
DA:15,4
DA:16,2
DA:19,2
DA:21,2
DA:25,2
DA:30,2
DA:32,2
DA:37,2
LF:12
LH:12
BRDA:13,0,0,1
BRDA:15,1,0,2
BRDA:29,2,0,1
BRF:3
BRH:3
end_of_record
TN:
SF:src\Interfaces\Http\Api\routes.ts
FN:8,(anonymous_0)
FN:10,(anonymous_1)
FNF:2
FNH:2
FNDA:1,(anonymous_0)
FNDA:1,(anonymous_1)
DA:8,1
DA:9,1
DA:10,1
DA:11,1
DA:16,1
DA:18,1
DA:21,1
LF:7
LH:7
BRF:0
BRH:0
end_of_record
TN:
SF:src\Interfaces\Http\Api\users\userRoutes.ts
FN:3,(anonymous_0)
FN:6,(anonymous_1)
FNF:2
FNH:1
FNDA:1,(anonymous_0)
FNDA:0,(anonymous_1)
DA:3,1
DA:4,1
DA:6,1
DA:7,0
DA:9,1
DA:10,1
DA:12,1
DA:15,1
LF:8
LH:7
BRF:0
BRH:0
end_of_record
